Performing C SOURCE FILE Test CMAKE_HAVE_LIBC_PTHREAD failed with the following output:
Change Dir: /home/dream/001-data/001-Arena/Arena/001-Program/Arena_ROS/Arena_workspace/build/CMakeFiles/CMakeTmp

Run Build Command(s):/usr/bin/make cmTC_a2f9d/fast && /usr/bin/make -f CMakeFiles/cmTC_a2f9d.dir/build.make CMakeFiles/cmTC_a2f9d.dir/build
make[1]: Entering directory '/home/dream/001-data/001-Arena/Arena/001-Program/Arena_ROS/Arena_workspace/build/CMakeFiles/CMakeTmp'
Building C object CMakeFiles/cmTC_a2f9d.dir/src.c.o
/usr/bin/cc   -DCMAKE_HAVE_LIBC_PTHREAD   -o CMakeFiles/cmTC_a2f9d.dir/src.c.o   -c /home/dream/001-data/001-Arena/Arena/001-Program/Arena_ROS/Arena_workspace/build/CMakeFiles/CMakeTmp/src.c
Linking C executable cmTC_a2f9d
/home/dream/002-software/009-cmake/cmake-3.17.0-Linux-x86_64/bin/cmake -E cmake_link_script CMakeFiles/cmTC_a2f9d.dir/link.txt --verbose=1
/usr/bin/cc  -DCMAKE_HAVE_LIBC_PTHREAD    -rdynamic CMakeFiles/cmTC_a2f9d.dir/src.c.o  -o cmTC_a2f9d 
CMakeFiles/cmTC_a2f9d.dir/src.c.o: In function `main':
src.c:(.text+0x3e): undefined reference to `pthread_create'
src.c:(.text+0x4a): undefined reference to `pthread_detach'
src.c:(.text+0x56): undefined reference to `pthread_cancel'
src.c:(.text+0x67): undefined reference to `pthread_join'
src.c:(.text+0x7b): undefined reference to `pthread_atfork'
collect2: error: ld returned 1 exit status
CMakeFiles/cmTC_a2f9d.dir/build.make:103: recipe for target 'cmTC_a2f9d' failed
make[1]: *** [cmTC_a2f9d] Error 1
make[1]: Leaving directory '/home/dream/001-data/001-Arena/Arena/001-Program/Arena_ROS/Arena_workspace/build/CMakeFiles/CMakeTmp'
Makefile:138: recipe for target 'cmTC_a2f9d/fast' failed
make: *** [cmTC_a2f9d/fast] Error 2


Source file was:
#include <pthread.h>

void* test_func(void* data)
{
  return data;
}

int main(void)
{
  pthread_t thread;
  pthread_create(&thread, NULL, test_func, NULL);
  pthread_detach(thread);
  pthread_cancel(thread);
  pthread_join(thread, NULL);
  pthread_atfork(NULL, NULL, NULL);
  pthread_exit(NULL);

  return 0;
}

Determining if the function pthread_create exists in the pthreads failed with the following output:
Change Dir: /home/dream/001-data/001-Arena/Arena/001-Program/Arena_ROS/Arena_workspace/build/CMakeFiles/CMakeTmp

Run Build Command(s):/usr/bin/make cmTC_65c93/fast && /usr/bin/make -f CMakeFiles/cmTC_65c93.dir/build.make CMakeFiles/cmTC_65c93.dir/build
make[1]: Entering directory '/home/dream/001-data/001-Arena/Arena/001-Program/Arena_ROS/Arena_workspace/build/CMakeFiles/CMakeTmp'
Building C object CMakeFiles/cmTC_65c93.dir/CheckFunctionExists.c.o
/usr/bin/cc   -DCHECK_FUNCTION_EXISTS=pthread_create   -o CMakeFiles/cmTC_65c93.dir/CheckFunctionExists.c.o   -c /home/dream/002-software/009-cmake/cmake-3.17.0-Linux-x86_64/share/cmake-3.17/Modules/CheckFunctionExists.c
Linking C executable cmTC_65c93
/home/dream/002-software/009-cmake/cmake-3.17.0-Linux-x86_64/bin/cmake -E cmake_link_script CMakeFiles/cmTC_65c93.dir/link.txt --verbose=1
/usr/bin/cc  -DCHECK_FUNCTION_EXISTS=pthread_create    -rdynamic CMakeFiles/cmTC_65c93.dir/CheckFunctionExists.c.o  -o cmTC_65c93  -lpthreads 
/usr/bin/ld: cannot find -lpthreads
collect2: error: ld returned 1 exit status
CMakeFiles/cmTC_65c93.dir/build.make:103: recipe for target 'cmTC_65c93' failed
make[1]: *** [cmTC_65c93] Error 1
make[1]: Leaving directory '/home/dream/001-data/001-Arena/Arena/001-Program/Arena_ROS/Arena_workspace/build/CMakeFiles/CMakeTmp'
Makefile:138: recipe for target 'cmTC_65c93/fast' failed
make: *** [cmTC_65c93/fast] Error 2



