Determining if the pthread_create exist failed with the following output:
Change Dir: /home/dream/001-data/001-Arena/Arena/001-Program/Arena_ROS/build/CMakeFiles/CMakeTmp

Run Build Command:"/usr/bin/make" "cmTC_3c32a/fast"
/usr/bin/make -f CMakeFiles/cmTC_3c32a.dir/build.make CMakeFiles/cmTC_3c32a.dir/build
make[1]: Entering directory '/home/dream/001-data/001-Arena/Arena/001-Program/Arena_ROS/build/CMakeFiles/CMakeTmp'
Building C object CMakeFiles/cmTC_3c32a.dir/CheckSymbolExists.c.o
/usr/bin/cc    -o CMakeFiles/cmTC_3c32a.dir/CheckSymbolExists.c.o   -c /home/dream/001-data/001-Arena/Arena/001-Program/Arena_ROS/build/CMakeFiles/CMakeTmp/CheckSymbolExists.c
Linking C executable cmTC_3c32a
/usr/bin/cmake -E cmake_link_script CMakeFiles/cmTC_3c32a.dir/link.txt --verbose=1
/usr/bin/cc      -rdynamic CMakeFiles/cmTC_3c32a.dir/CheckSymbolExists.c.o  -o cmTC_3c32a 
CMakeFiles/cmTC_3c32a.dir/CheckSymbolExists.c.o: In function `main':
CheckSymbolExists.c:(.text+0x1b): undefined reference to `pthread_create'
collect2: error: ld returned 1 exit status
CMakeFiles/cmTC_3c32a.dir/build.make:97: recipe for target 'cmTC_3c32a' failed
make[1]: *** [cmTC_3c32a] Error 1
make[1]: Leaving directory '/home/dream/001-data/001-Arena/Arena/001-Program/Arena_ROS/build/CMakeFiles/CMakeTmp'
Makefile:126: recipe for target 'cmTC_3c32a/fast' failed
make: *** [cmTC_3c32a/fast] Error 2

File /home/dream/001-data/001-Arena/Arena/001-Program/Arena_ROS/build/CMakeFiles/CMakeTmp/CheckSymbolExists.c:
/* */
#include <pthread.h>

int main(int argc, char** argv)
{
  (void)argv;
#ifndef pthread_create
  return ((int*)(&pthread_create))[argc];
#else
  (void)argc;
  return 0;
#endif
}

Determining if the function pthread_create exists in the pthreads failed with the following output:
Change Dir: /home/dream/001-data/001-Arena/Arena/001-Program/Arena_ROS/build/CMakeFiles/CMakeTmp

Run Build Command:"/usr/bin/make" "cmTC_a0faa/fast"
/usr/bin/make -f CMakeFiles/cmTC_a0faa.dir/build.make CMakeFiles/cmTC_a0faa.dir/build
make[1]: Entering directory '/home/dream/001-data/001-Arena/Arena/001-Program/Arena_ROS/build/CMakeFiles/CMakeTmp'
Building C object CMakeFiles/cmTC_a0faa.dir/CheckFunctionExists.c.o
/usr/bin/cc   -DCHECK_FUNCTION_EXISTS=pthread_create   -o CMakeFiles/cmTC_a0faa.dir/CheckFunctionExists.c.o   -c /usr/share/cmake-3.10/Modules/CheckFunctionExists.c
Linking C executable cmTC_a0faa
/usr/bin/cmake -E cmake_link_script CMakeFiles/cmTC_a0faa.dir/link.txt --verbose=1
/usr/bin/cc  -DCHECK_FUNCTION_EXISTS=pthread_create    -rdynamic CMakeFiles/cmTC_a0faa.dir/CheckFunctionExists.c.o  -o cmTC_a0faa -lpthreads 
/usr/bin/ld: cannot find -lpthreads
collect2: error: ld returned 1 exit status
CMakeFiles/cmTC_a0faa.dir/build.make:97: recipe for target 'cmTC_a0faa' failed
make[1]: *** [cmTC_a0faa] Error 1
make[1]: Leaving directory '/home/dream/001-data/001-Arena/Arena/001-Program/Arena_ROS/build/CMakeFiles/CMakeTmp'
Makefile:126: recipe for target 'cmTC_a0faa/fast' failed
make: *** [cmTC_a0faa/fast] Error 2


